This is pdfTeX, Version 3.141592653-2.6-1.40.25 (TeX Live 2023) (preloaded format=pdflatex 2023.6.28)  28 JUN 2023 15:14
entering extended mode
 restricted \write18 enabled.
 %&-line parsing enabled.
**C:/Users/Josiana/Documents/Reprodutibilidade/Sweve/sweve1.tex
(c:/Users/Josiana/Documents/Reprodutibilidade/Sweve/sweve1.tex
LaTeX2e <2023-06-01> patch level 1
L3 programming layer <2023-06-16>

! LaTeX Error: Missing \begin{document}.

See the LaTeX manual or LaTeX Companion for explanation.
Type  H <return>  for immediate help.
 ...                                              
                                                  
l.3 i
     nstall.packages("knitr") 
Here is how much of TeX's memory you used:
 19 strings out of 477682
 714 string characters out of 5829058
 1851763 words of memory out of 5000000
 20621 multiletter control sequences out of 15000+600000
 513387 words of font info for 34 fonts, out of 8000000 for 9000
 14 hyphenation exceptions out of 8191
 15i,0n,18p,122b,14s stack positions out of 10000i,1000n,20000p,200000b,200000s

!  ==> Fatal error occurred, no output PDF file produced!
